<?xml version="1.0" encoding="UTF-8"?>
<!-- Generated by org.testng.reporters.JUnitXMLReporter -->
<testsuite ignored="0" hostname="DELL-C0HKRC2" failures="0" tests="6" name="Test" time="32.672" errors="0" timestamp="2022-01-31T21:51:54 ART">
  <testcase classname="Edit.EducacionIT20Ene2022.Clase2" name="loginChromeOrangeHRM" time="7.366"/>
  <testcase classname="Edit.EducacionIT20Ene2022.Clase2" name="loginFirefoxOrangeHRM" time="18.34"/>
  <testcase classname="Edit.EducacionIT20Ene2022.Clase3" name="createOrder" time="5.05"/>
  <testcase classname="Edit.EducacionIT20Ene2022.AppTest" name="imprimir" time="0.011"/>
  <testcase classname="Edit.EducacionIT20Ene2022.Clase4" name="login" time="0.917"/>
  <testcase classname="Edit.EducacionIT20Ene2022.Clase4" name="createOrder" time="0.903"/>
</testsuite> <!-- Test -->
